<?xml version="1.0" encoding="UTF-8"?>
<!-- Generated by org.testng.reporters.JUnitReportReporter -->
<testsuite hostname="INGBTCPIC5NB9K2" name="com.git.test2.GitTest2" tests="1" failures="0" timestamp="27 Dec 2016 12:01:58 GMT" time="148.034" errors="0">
  <testcase name="loginWithInValidData" time="148.034" classname="com.git.test2.GitTest2"/>
</testsuite> <!-- com.git.test2.GitTest2 -->
