<?xml version="1.0" encoding="UTF-8"?>
<!-- Generated by org.testng.reporters.JUnitReportReporter -->
<testsuite hostname="INGBTCPIC5NB9K2" name="com.git.test.GitTest" tests="1" failures="0" timestamp="27 Dec 2016 12:01:58 GMT" time="27.967" errors="0">
  <testcase name="loginWithValidData" time="27.967" classname="com.git.test.GitTest"/>
</testsuite> <!-- com.git.test.GitTest -->
